[ ERROR ] Mon Jan 30 2012 20:04:28 GMT+0000 (UTC)
- id: 3
- status: 500
- time: 6ms
- ip: 127.0.0.1
- url: /users
- method: POST
- header: {
  "x-real-ip": "127.0.0.1",
  "x-forwarded-for": "127.0.0.1",
  "host": "coke",
  "x-nginx-proxy": "true",
  "connection": "close",
  "content-length": "63",
  "cache-control": "max-age=0",
  "origin": "http://coke",
  "user-agent": "Mozilla/5.0 (Macintosh; Intel Mac OS X 10_7_2) AppleWebKit/535.7 (KHTML, like Gecko) Chrome/16.0.912.77 Safari/535.7",
  "content-type": "application/x-www-form-urlencoded",
  "accept": "text/html,application/xhtml+xml,application/xml;q=0.9,*/*;q=0.8",
  "referer": "http://coke/users/new",
  "accept-encoding": "gzip,deflate,sdch",
  "accept-language": "en-US,en;q=0.8",
  "accept-charset": "ISO-8859-1,utf-8;q=0.7,*;q=0.3",
  "cookie": "connect.sid=BUFXaaphsWUkRw0Ur39btd0j.I6QeaWI1aznSDgowsxRBPOmRmXgIb6WXVKHkBib65%2Fw"
}
- params: {
  "_csrf": "SPvzmTUnxyaa2cKQ6uRyMhUo",
  "user": {
    "name": "",
    "email": ""
  }
}
- msg: {
  "message": "Validation failed",
  "name": "ValidationError",
  "errors": {
    "name": {
      "message": "Validator \"required\" failed for path name",
      "name": "ValidatorError",
      "path": "name",
      "type": "required"
    },
    "email": {
      "message": "Validator \"required\" failed for path email",
      "name": "ValidatorError",
      "path": "email",
      "type": "required"
    }
  }
}
