[ REQUEST ] Mon Jan 30 2012 20:04:00 GMT+0000 (UTC)
- id: 1
- ip: 127.0.0.1
- url: /users
- method: GET
- header: {
  "x-real-ip": "127.0.0.1",
  "x-forwarded-for": "127.0.0.1",
  "host": "coke",
  "x-nginx-proxy": "true",
  "connection": "close",
  "user-agent": "Mozilla/5.0 (Macintosh; Intel Mac OS X 10_7_2) AppleWebKit/535.7 (KHTML, like Gecko) Chrome/16.0.912.77 Safari/535.7",
  "accept": "text/html,application/xhtml+xml,application/xml;q=0.9,*/*;q=0.8",
  "referer": "http://coke/",
  "accept-encoding": "gzip,deflate,sdch",
  "accept-language": "en-US,en;q=0.8",
  "accept-charset": "ISO-8859-1,utf-8;q=0.7,*;q=0.3",
  "cookie": "connect.sid=LNNRlu9FUkFCyKTya8uXHWo4.%2FHz%2FaiusDE1ywevuUW09%2BzIuZU6Wr%2FUdKkAL51AaZWU"
}
- params: {}
[ REQUEST ] Mon Jan 30 2012 20:04:26 GMT+0000 (UTC)
- id: 2
- ip: 127.0.0.1
- url: /users/new
- method: GET
- header: {
  "x-real-ip": "127.0.0.1",
  "x-forwarded-for": "127.0.0.1",
  "host": "coke",
  "x-nginx-proxy": "true",
  "connection": "close",
  "user-agent": "Mozilla/5.0 (Macintosh; Intel Mac OS X 10_7_2) AppleWebKit/535.7 (KHTML, like Gecko) Chrome/16.0.912.77 Safari/535.7",
  "accept": "text/html,application/xhtml+xml,application/xml;q=0.9,*/*;q=0.8",
  "referer": "http://coke/users",
  "accept-encoding": "gzip,deflate,sdch",
  "accept-language": "en-US,en;q=0.8",
  "accept-charset": "ISO-8859-1,utf-8;q=0.7,*;q=0.3",
  "cookie": "connect.sid=BUFXaaphsWUkRw0Ur39btd0j.I6QeaWI1aznSDgowsxRBPOmRmXgIb6WXVKHkBib65%2Fw"
}
- params: {}
[ REQUEST ] Mon Jan 30 2012 20:04:27 GMT+0000 (UTC)
- id: 3
- ip: 127.0.0.1
- url: /users
- method: POST
- header: {
  "x-real-ip": "127.0.0.1",
  "x-forwarded-for": "127.0.0.1",
  "host": "coke",
  "x-nginx-proxy": "true",
  "connection": "close",
  "content-length": "63",
  "cache-control": "max-age=0",
  "origin": "http://coke",
  "user-agent": "Mozilla/5.0 (Macintosh; Intel Mac OS X 10_7_2) AppleWebKit/535.7 (KHTML, like Gecko) Chrome/16.0.912.77 Safari/535.7",
  "content-type": "application/x-www-form-urlencoded",
  "accept": "text/html,application/xhtml+xml,application/xml;q=0.9,*/*;q=0.8",
  "referer": "http://coke/users/new",
  "accept-encoding": "gzip,deflate,sdch",
  "accept-language": "en-US,en;q=0.8",
  "accept-charset": "ISO-8859-1,utf-8;q=0.7,*;q=0.3",
  "cookie": "connect.sid=BUFXaaphsWUkRw0Ur39btd0j.I6QeaWI1aznSDgowsxRBPOmRmXgIb6WXVKHkBib65%2Fw"
}
- params: {"_csrf":"SPvzmTUnxyaa2cKQ6uRyMhUo","user":{"name":"","email":""}}
[ REQUEST ] Mon Jan 30 2012 20:04:28 GMT+0000 (UTC)
- id: 4
- ip: 127.0.0.1
- url: /users/new
- method: GET
- header: {
  "x-real-ip": "127.0.0.1",
  "x-forwarded-for": "127.0.0.1",
  "host": "coke",
  "x-nginx-proxy": "true",
  "connection": "close",
  "cache-control": "max-age=0",
  "user-agent": "Mozilla/5.0 (Macintosh; Intel Mac OS X 10_7_2) AppleWebKit/535.7 (KHTML, like Gecko) Chrome/16.0.912.77 Safari/535.7",
  "accept": "text/html,application/xhtml+xml,application/xml;q=0.9,*/*;q=0.8",
  "referer": "http://coke/users/new",
  "accept-encoding": "gzip,deflate,sdch",
  "accept-language": "en-US,en;q=0.8",
  "accept-charset": "ISO-8859-1,utf-8;q=0.7,*;q=0.3",
  "cookie": "connect.sid=BUFXaaphsWUkRw0Ur39btd0j.I6QeaWI1aznSDgowsxRBPOmRmXgIb6WXVKHkBib65%2Fw"
}
- params: {}
