[ RESPONSE ] Mon Jan 30 2012 20:04:00 GMT+0000 (UTC)
- id: 1
- status: 200
- time: 5 ms
- header: {
  "x-powered-by": "Express",
  "content-type": "text/html; charset=utf-8",
  "content-length": 1929
}
[ RESPONSE ] Mon Jan 30 2012 20:04:26 GMT+0000 (UTC)
- id: 2
- status: 200
- time: 5 ms
- header: {
  "x-powered-by": "Express",
  "content-type": "text/html; charset=utf-8",
  "content-length": 2183
}
[ RESPONSE ] Mon Jan 30 2012 20:04:28 GMT+0000 (UTC)
- id: 4
- status: 200
- time: 2 ms
- header: {
  "x-powered-by": "Express",
  "content-type": "text/html; charset=utf-8",
  "content-length": 2355
}
