[ SYSTEM ] Tue Jan 31 2012 04:02:55 GMT+0800 (CST)
- msg: loading core module: logger
[ SYSTEM ] Tue Jan 31 2012 04:02:55 GMT+0800 (CST)
- msg: loading core module: utils
[ SYSTEM ] Tue Jan 31 2012 04:02:55 GMT+0800 (CST)
- msg: loading core module: model
[ SYSTEM ] Tue Jan 31 2012 04:02:56 GMT+0800 (CST)
- msg: Loading model: User
[ SYSTEM ] Tue Jan 31 2012 04:02:56 GMT+0800 (CST)
- msg: All models loaded
[ SYSTEM ] Tue Jan 31 2012 04:02:56 GMT+0800 (CST)
- msg: Database connected at: mongodb://localhost:27963/coke-test
[ SYSTEM ] Tue Jan 31 2012 04:02:56 GMT+0800 (CST)
- msg: loading core module: express
[ SYSTEM ] Tue Jan 31 2012 04:02:56 GMT+0800 (CST)
- msg: Building middleware: csrf
[ SYSTEM ] Tue Jan 31 2012 04:02:56 GMT+0800 (CST)
- msg: Building middleware: err404
[ SYSTEM ] Tue Jan 31 2012 04:02:56 GMT+0800 (CST)
- msg: Building middleware: err500
[ SYSTEM ] Tue Jan 31 2012 04:02:56 GMT+0800 (CST)
- msg: Building middleware: session
[ SYSTEM ] Tue Jan 31 2012 04:02:56 GMT+0800 (CST)
- msg: Building middleware: validation
[ SYSTEM ] Tue Jan 31 2012 04:02:56 GMT+0800 (CST)
- msg: loading core module: lib
[ SYSTEM ] Tue Jan 31 2012 04:02:56 GMT+0800 (CST)
- msg: Loading helper: application
[ SYSTEM ] Tue Jan 31 2012 04:02:56 GMT+0800 (CST)
- msg: loading core module: assets
[ SYSTEM ] Tue Jan 31 2012 04:02:56 GMT+0800 (CST)
- msg: Overwriting express res.send
[ SYSTEM ] Tue Jan 31 2012 04:02:56 GMT+0800 (CST)
- msg: loading core module: routes
[ SYSTEM ] Tue Jan 31 2012 04:02:56 GMT+0800 (CST)
- msg: Dispatching controller: /srv/www/coke/app/controllers/welcome/index for route: welcome#index
[ SYSTEM ] Tue Jan 31 2012 04:02:56 GMT+0800 (CST)
- msg: Dispatching controller: /srv/www/coke/app/controllers/users/index for route: users#index
[ SYSTEM ] Tue Jan 31 2012 04:02:56 GMT+0800 (CST)
- msg: Dispatching controller: /srv/www/coke/app/controllers/users/create for route: users#create
[ SYSTEM ] Tue Jan 31 2012 04:02:56 GMT+0800 (CST)
- msg: Dispatching controller: /srv/www/coke/app/controllers/users/new for route: users#new
[ SYSTEM ] Tue Jan 31 2012 04:02:56 GMT+0800 (CST)
- msg: Dispatching controller: /srv/www/coke/app/controllers/users/edit for route: users#edit
[ SYSTEM ] Tue Jan 31 2012 04:02:56 GMT+0800 (CST)
- msg: Dispatching controller: /srv/www/coke/app/controllers/users/destroy for route: users#destroy
[ SYSTEM ] Tue Jan 31 2012 04:02:56 GMT+0800 (CST)
- msg: Dispatching controller: /srv/www/coke/app/controllers/users/update for route: users#update
[ SYSTEM ] Tue Jan 31 2012 04:02:56 GMT+0800 (CST)
- msg: Dispatching controller: /srv/www/coke/app/controllers/users/show for route: users#show
[ SYSTEM ] Tue Jan 31 2012 04:02:56 GMT+0800 (CST)
- msg: loading core module: server
[ SYSTEM ] Mon Jan 30 2012 20:02:56 GMT+0000 (UTC)
- msg: Server running at http://127.0.0.1:4000/
[ SYSTEM ] Tue Jan 31 2012 04:03:56 GMT+0800 (CST)
- msg: loading core module: logger
[ SYSTEM ] Tue Jan 31 2012 04:03:56 GMT+0800 (CST)
- msg: loading core module: utils
[ SYSTEM ] Tue Jan 31 2012 04:03:56 GMT+0800 (CST)
- msg: loading core module: model
[ SYSTEM ] Tue Jan 31 2012 04:03:57 GMT+0800 (CST)
- msg: Loading model: User
[ SYSTEM ] Tue Jan 31 2012 04:03:57 GMT+0800 (CST)
- msg: All models loaded
[ SYSTEM ] Tue Jan 31 2012 04:03:57 GMT+0800 (CST)
- msg: Database connected at: mongodb://localhost:27017/coke-test
[ SYSTEM ] Tue Jan 31 2012 04:03:57 GMT+0800 (CST)
- msg: loading core module: express
[ SYSTEM ] Tue Jan 31 2012 04:03:57 GMT+0800 (CST)
- msg: Building middleware: csrf
[ SYSTEM ] Tue Jan 31 2012 04:03:57 GMT+0800 (CST)
- msg: Building middleware: err404
[ SYSTEM ] Tue Jan 31 2012 04:03:57 GMT+0800 (CST)
- msg: Building middleware: err500
[ SYSTEM ] Tue Jan 31 2012 04:03:57 GMT+0800 (CST)
- msg: Building middleware: session
[ SYSTEM ] Tue Jan 31 2012 04:03:57 GMT+0800 (CST)
- msg: Building middleware: validation
[ SYSTEM ] Tue Jan 31 2012 04:03:57 GMT+0800 (CST)
- msg: loading core module: lib
[ SYSTEM ] Tue Jan 31 2012 04:03:57 GMT+0800 (CST)
- msg: Loading helper: application
[ SYSTEM ] Tue Jan 31 2012 04:03:57 GMT+0800 (CST)
- msg: loading core module: assets
[ SYSTEM ] Tue Jan 31 2012 04:03:57 GMT+0800 (CST)
- msg: Overwriting express res.send
[ SYSTEM ] Tue Jan 31 2012 04:03:57 GMT+0800 (CST)
- msg: loading core module: routes
[ SYSTEM ] Tue Jan 31 2012 04:03:57 GMT+0800 (CST)
- msg: Dispatching controller: /srv/www/coke/app/controllers/welcome/index for route: welcome#index
[ SYSTEM ] Tue Jan 31 2012 04:03:57 GMT+0800 (CST)
- msg: Dispatching controller: /srv/www/coke/app/controllers/users/index for route: users#index
[ SYSTEM ] Tue Jan 31 2012 04:03:57 GMT+0800 (CST)
- msg: Dispatching controller: /srv/www/coke/app/controllers/users/create for route: users#create
[ SYSTEM ] Tue Jan 31 2012 04:03:57 GMT+0800 (CST)
- msg: Dispatching controller: /srv/www/coke/app/controllers/users/new for route: users#new
[ SYSTEM ] Tue Jan 31 2012 04:03:57 GMT+0800 (CST)
- msg: Dispatching controller: /srv/www/coke/app/controllers/users/edit for route: users#edit
[ SYSTEM ] Tue Jan 31 2012 04:03:57 GMT+0800 (CST)
- msg: Dispatching controller: /srv/www/coke/app/controllers/users/destroy for route: users#destroy
[ SYSTEM ] Tue Jan 31 2012 04:03:57 GMT+0800 (CST)
- msg: Dispatching controller: /srv/www/coke/app/controllers/users/update for route: users#update
[ SYSTEM ] Tue Jan 31 2012 04:03:57 GMT+0800 (CST)
- msg: Dispatching controller: /srv/www/coke/app/controllers/users/show for route: users#show
[ SYSTEM ] Tue Jan 31 2012 04:03:57 GMT+0800 (CST)
- msg: loading core module: server
[ SYSTEM ] Mon Jan 30 2012 20:03:57 GMT+0000 (UTC)
- msg: Server running at http://127.0.0.1:4000/
